#
# A fatal error has been detected by the Java Runtime Environment:
#
#  Internal Error (javaClasses.cpp:136), pid=10584, tid=4108
#  fatal error: Invalid layout of preloaded class
#
# JRE version:  (7.0_45-b18) (build )
# Java VM: Java HotSpot(TM) Client VM (24.45-b08 mixed mode windows-x86 )
# Failed to write core dump. Minidumps are not enabled by default on client versions of Windows
#
# If you would like to submit a bug report, please visit:
#   http://bugreport.sun.com/bugreport/crash.jsp
#

---------------  T H R E A D  ---------------

Current thread (0x0177c000):  JavaThread "Unknown thread" [_thread_in_vm, id=4108, stack(0x016a0000,0x016f0000)]

Stack: [0x016a0000,0x016f0000],  sp=0x016ef300,  free space=316k
Native frames: (J=compiled Java code, j=interpreted, Vv=VM code, C=native code)
V  [jvm.dll+0x18df51]
V  [jvm.dll+0x187cc6]
V  [jvm.dll+0x3586a]
V  [jvm.dll+0x358f6]
V  [jvm.dll+0x4400d]
V  [jvm.dll+0x442be]
V  [jvm.dll+0x9263a]
V  [jvm.dll+0x929eb]
V  [jvm.dll+0x13daf1]
V  [jvm.dll+0x1605fc]
V  [jvm.dll+0xc8ebf]
C  [javaw.exe+0x13ce]
C  [javaw.exe+0x1e40]
C  [javaw.exe+0xa5b1]
C  [javaw.exe+0xa63b]
C  [kernel32.dll+0x4ee1c]
C  [ntdll.dll+0x637eb]
C  [ntdll.dll+0x637be]


---------------  P R O C E S S  ---------------

Java Threads: ( => current thread )

Other Threads:

=>0x0177c000 (exited) JavaThread "Unknown thread" [_thread_in_vm, id=4108, stack(0x016a0000,0x016f0000)]

VM state:not at safepoint (not fully initialized)

VM Mutex/Monitor currently owned by a thread: None

GC Heap History (0 events):
No events

Deoptimization events (0 events):
No events

Internal exceptions (0 events):
No events

Events (10 events):
Event: 0.008 loading class 0x015f2c60 done
Event: 0.008 loading class 0x015f26f0 done
Event: 0.008 loading class 0x015f26d0
Event: 0.008 loading class 0x015f99f8
Event: 0.008 loading class 0x015f99f8 done
Event: 0.008 loading class 0x015f9a28
Event: 0.008 loading class 0x015f9a28 done
Event: 0.008 loading class 0x015f9a58
Event: 0.008 loading class 0x015f9a58 done
Event: 0.008 loading class 0x015f26d0 done


Dynamic libraries:
0x001a0000 - 0x001cf000 	C:\Program Files\Java\jre7\bin\javaw.exe
0x774a0000 - 0x775dc000 	C:\Windows\SYSTEM32\ntdll.dll
0x760e0000 - 0x761b4000 	C:\Windows\system32\kernel32.dll
0x758e0000 - 0x7592b000 	C:\Windows\system32\KERNELBASE.dll
0x761c0000 - 0x76260000 	C:\Windows\system32\ADVAPI32.dll
0x75dd0000 - 0x75e7c000 	C:\Windows\system32\msvcrt.dll
0x75930000 - 0x75949000 	C:\Windows\SYSTEM32\sechost.dll
0x77200000 - 0x772a2000 	C:\Windows\system32\RPCRT4.dll
0x772b0000 - 0x77379000 	C:\Windows\system32\USER32.dll
0x75b60000 - 0x75bae000 	C:\Windows\system32\GDI32.dll
0x775f0000 - 0x775fa000 	C:\Windows\system32\LPK.dll
0x75ac0000 - 0x75b5d000 	C:\Windows\system32\USP10.dll
0x74a60000 - 0x74bfe000 	C:\Windows\WinSxS\x86_microsoft.windows.common-controls_6595b64144ccf1df_6.0.7601.17514_none_41e6975e2bd6f2b2\COMCTL32.dll
0x75d70000 - 0x75dc7000 	C:\Windows\system32\SHLWAPI.dll
0x762f0000 - 0x7630f000 	C:\Windows\system32\IMM32.DLL
0x77600000 - 0x776cc000 	C:\Windows\system32\MSCTF.dll
0x58010000 - 0x580cf000 	C:\Program Files\Java\jre7\bin\msvcr100.dll
0x6df80000 - 0x6e300000 	C:\Program Files\Java\jre7\bin\client\jvm.dll
0x70940000 - 0x70947000 	C:\Windows\system32\WSOCK32.dll
0x75a80000 - 0x75ab5000 	C:\Windows\system32\WS2_32.dll
0x775e0000 - 0x775e6000 	C:\Windows\system32\NSI.dll
0x74690000 - 0x746c2000 	C:\Windows\system32\WINMM.dll
0x75f00000 - 0x75f05000 	C:\Windows\system32\PSAPI.DLL
0x72930000 - 0x7293c000 	C:\Program Files\Java\jre7\bin\verify.dll
0x72910000 - 0x72930000 	C:\Program Files\Java\jre7\bin\java.dll
0x728f0000 - 0x72903000 	C:\Program Files\Java\jre7\bin\zip.dll
0x74520000 - 0x7460b000 	C:\Windows\system32\dbghelp.dll

VM Arguments:
jvm_args: -Dfile.encoding=GBK -Xbootclasspath:E:\soft\adt-bundle-windows-x86\sdk\platforms\android-4.2\android.jar 
java_command: com.example.launcherdemo.Test
Launcher Type: SUN_STANDARD

Environment Variables:
PATH=C:/Program Files/Java/jre7/bin/client;C:/Program Files/Java/jre7/bin;C:/Program Files/Java/jre7/lib/i386;C:\Windows\system32;C:\Windows;C:\Windows\System32\Wbem;C:\Windows\System32\WindowsPowerShell\v1.0\;D:\Program Files\TortoiseSVN\bin;C:\Program Files\Java\jre7\bin;.;E:\Èí¼þ\appsevr\AppServ\Apache2.2\bin;E:\Èí¼þ\appsevr\AppServ\php6;E:\Èí¼þ\appsevr\AppServ\MySQL\bin;E:\soft\AppServ\Apache2.2\bin;E:\soft\AppServ\php6;E:\soft\AppServ\MySQL\bin;E:\soft\adt-bundle-windows-x86\eclipse;
USERNAME=wangq
OS=Windows_NT
PROCESSOR_IDENTIFIER=x86 Family 6 Model 58 Stepping 9, GenuineIntel



---------------  S Y S T E M  ---------------

OS: Windows 7 Build 7601 Service Pack 1

CPU:total 8 (4 cores per cpu, 2 threads per core) family 6 model 58 stepping 9, cmov, cx8, fxsr, mmx, sse, sse2, sse3, ssse3, sse4.1, sse4.2, popcnt, avx, aes, erms, ht, tsc, tscinvbit, tscinv

Memory: 4k page, physical 3568160k(1256360k free), swap 7134568k(3948088k free)

vm_info: Java HotSpot(TM) Client VM (24.45-b08) for windows-x86 JRE (1.7.0_45-b18), built on Oct  8 2013 06:02:43 by "java_re" with unknown MS VC++:1600

time: Fri Aug 08 17:42:44 2014
elapsed time: 0 seconds

